{"C:\\Users\\dshp3\\BunkerGame\\automation-client\\src\\core\\llm\\LLMManager.ts": {"path":"C:\\Users\\dshp3\\BunkerGame\\automation-client\\src\\core\\llm\\LLMManager.ts","statementMap":{"0":{"start":{"line":7,"column":22},"end":{"line":7,"column":52}},"1":{"start":{"line":8,"column":46},"end":{"line":8,"column":null}},"2":{"start":{"line":10,"column":44},"end":{"line":17,"column":null}},"3":{"start":{"line":24,"column":4},"end":{"line":24,"column":null}},"4":{"start":{"line":25,"column":4},"end":{"line":25,"column":null}},"5":{"start":{"line":26,"column":4},"end":{"line":26,"column":null}},"6":{"start":{"line":30,"column":4},"end":{"line":30,"column":null}},"7":{"start":{"line":31,"column":4},"end":{"line":31,"column":null}},"8":{"start":{"line":31,"column":34},"end":{"line":31,"column":null}},"9":{"start":{"line":35,"column":4},"end":{"line":36,"column":null}},"10":{"start":{"line":36,"column":6},"end":{"line":36,"column":null}},"11":{"start":{"line":38,"column":4},"end":{"line":38,"column":null}},"12":{"start":{"line":42,"column":4},"end":{"line":42,"column":null}},"13":{"start":{"line":46,"column":4},"end":{"line":46,"column":null}},"14":{"start":{"line":50,"column":4},"end":{"line":50,"column":null}},"15":{"start":{"line":50,"column":34},"end":{"line":50,"column":null}},"16":{"start":{"line":53,"column":28},"end":{"line":53,"column":72}},"17":{"start":{"line":54,"column":23},"end":{"line":54,"column":114}},"18":{"start":{"line":56,"column":16},"end":{"line":56,"column":null}},"19":{"start":{"line":56,"column":45},"end":{"line":56,"column":65}},"20":{"start":{"line":57,"column":17},"end":{"line":61,"column":20}},"21":{"start":{"line":58,"column":21},"end":{"line":58,"column":39}},"22":{"start":{"line":59,"column":18},"end":{"line":59,"column":28}},"23":{"start":{"line":62,"column":4},"end":{"line":64,"column":null}},"24":{"start":{"line":63,"column":56},"end":{"line":63,"column":63}},"25":{"start":{"line":65,"column":4},"end":{"line":70,"column":null}},"26":{"start":{"line":72,"column":27},"end":{"line":72,"column":null}},"27":{"start":{"line":74,"column":23},"end":{"line":74,"column":null}},"28":{"start":{"line":75,"column":4},"end":{"line":104,"column":null}},"29":{"start":{"line":76,"column":23},"end":{"line":76,"column":null}},"30":{"start":{"line":80,"column":6},"end":{"line":86,"column":null}},"31":{"start":{"line":81,"column":26},"end":{"line":81,"column":73}},"32":{"start":{"line":81,"column":67},"end":{"line":81,"column":73}},"33":{"start":{"line":82,"column":8},"end":{"line":86,"column":null}},"34":{"start":{"line":83,"column":10},"end":{"line":85,"column":null}},"35":{"start":{"line":86,"column":10},"end":{"line":86,"column":null}},"36":{"start":{"line":90,"column":6},"end":{"line":90,"column":null}},"37":{"start":{"line":92,"column":6},"end":{"line":104,"column":null}},"38":{"start":{"line":93,"column":8},"end":{"line":93,"column":null}},"39":{"start":{"line":95,"column":8},"end":{"line":95,"column":null}},"40":{"start":{"line":96,"column":20},"end":{"line":96,"column":null}},"41":{"start":{"line":97,"column":21},"end":{"line":97,"column":56}},"42":{"start":{"line":98,"column":8},"end":{"line":100,"column":null}},"43":{"start":{"line":103,"column":8},"end":{"line":104,"column":null}},"44":{"start":{"line":104,"column":10},"end":{"line":104,"column":null}},"45":{"start":{"line":109,"column":4},"end":{"line":109,"column":null}},"46":{"start":{"line":113,"column":4},"end":{"line":113,"column":null}},"47":{"start":{"line":113,"column":34},"end":{"line":113,"column":null}},"48":{"start":{"line":114,"column":19},"end":{"line":114,"column":null}},"49":{"start":{"line":115,"column":25},"end":{"line":117,"column":null}},"50":{"start":{"line":117,"column":50},"end":{"line":117,"column":63}},"51":{"start":{"line":121,"column":4},"end":{"line":122,"column":null}},"52":{"start":{"line":122,"column":6},"end":{"line":122,"column":null}},"53":{"start":{"line":122,"column":40},"end":{"line":122,"column":null}},"54":{"start":{"line":125,"column":37},"end":{"line":125,"column":39}},"55":{"start":{"line":126,"column":4},"end":{"line":128,"column":null}},"56":{"start":{"line":127,"column":16},"end":{"line":127,"column":40}},"57":{"start":{"line":128,"column":6},"end":{"line":128,"column":null}},"58":{"start":{"line":128,"column":13},"end":{"line":128,"column":null}},"59":{"start":{"line":130,"column":4},"end":{"line":131,"column":null}},"60":{"start":{"line":131,"column":6},"end":{"line":131,"column":null}},"61":{"start":{"line":133,"column":4},"end":{"line":133,"column":null}},"62":{"start":{"line":137,"column":4},"end":{"line":137,"column":null}},"63":{"start":{"line":145,"column":29},"end":{"line":145,"column":null}},"64":{"start":{"line":146,"column":4},"end":{"line":172,"column":null}},"65":{"start":{"line":146,"column":23},"end":{"line":146,"column":26}},"66":{"start":{"line":147,"column":6},"end":{"line":172,"column":null}},"67":{"start":{"line":148,"column":8},"end":{"line":148,"column":null}},"68":{"start":{"line":149,"column":20},"end":{"line":152,"column":null}},"69":{"start":{"line":154,"column":24},"end":{"line":154,"column":71}},"70":{"start":{"line":155,"column":8},"end":{"line":157,"column":null}},"71":{"start":{"line":158,"column":8},"end":{"line":158,"column":null}},"72":{"start":{"line":160,"column":8},"end":{"line":160,"column":null}},"73":{"start":{"line":161,"column":24},"end":{"line":161,"column":null}},"74":{"start":{"line":162,"column":21},"end":{"line":162,"column":61}},"75":{"start":{"line":163,"column":26},"end":{"line":163,"column":null}},"76":{"start":{"line":164,"column":8},"end":{"line":166,"column":null}},"77":{"start":{"line":168,"column":8},"end":{"line":170,"column":null}},"78":{"start":{"line":169,"column":10},"end":{"line":169,"column":null}},"79":{"start":{"line":170,"column":10},"end":{"line":170,"column":null}},"80":{"start":{"line":172,"column":8},"end":{"line":172,"column":null}},"81":{"start":{"line":172,"column":33},"end":{"line":172,"column":55}},"82":{"start":{"line":175,"column":21},"end":{"line":175,"column":87}},"83":{"start":{"line":176,"column":4},"end":{"line":176,"column":null}},"84":{"start":{"line":177,"column":4},"end":{"line":179,"column":null}},"85":{"start":{"line":188,"column":4},"end":{"line":199,"column":null}},"86":{"start":{"line":190,"column":8},"end":{"line":190,"column":null}},"87":{"start":{"line":190,"column":19},"end":{"line":190,"column":null}},"88":{"start":{"line":193,"column":8},"end":{"line":197,"column":null}},"89":{"start":{"line":194,"column":22},"end":{"line":194,"column":72}},"90":{"start":{"line":195,"column":11},"end":{"line":195,"column":null}},"91":{"start":{"line":196,"column":10},"end":{"line":196,"column":null}},"92":{"start":{"line":203,"column":17},"end":{"line":203,"column":null}},"93":{"start":{"line":204,"column":4},"end":{"line":212,"column":null}},"94":{"start":{"line":205,"column":6},"end":{"line":212,"column":null}},"95":{"start":{"line":212,"column":8},"end":{"line":212,"column":null}},"96":{"start":{"line":216,"column":16},"end":{"line":216,"column":null}},"97":{"start":{"line":217,"column":4},"end":{"line":223,"column":null}},"98":{"start":{"line":223,"column":6},"end":{"line":223,"column":null}},"99":{"start":{"line":224,"column":4},"end":{"line":224,"column":null}},"100":{"start":{"line":224,"column":70},"end":{"line":224,"column":null}},"101":{"start":{"line":225,"column":4},"end":{"line":225,"column":null}},"102":{"start":{"line":225,"column":33},"end":{"line":225,"column":null}},"103":{"start":{"line":226,"column":4},"end":{"line":231,"column":null}},"104":{"start":{"line":231,"column":6},"end":{"line":231,"column":null}},"105":{"start":{"line":232,"column":4},"end":{"line":232,"column":null}},"106":{"start":{"line":232,"column":54},"end":{"line":232,"column":null}},"107":{"start":{"line":233,"column":4},"end":{"line":233,"column":null}}},"fnMap":{"0":{"name":"(anonymous_0)","decl":{"start":{"line":23,"column":2},"end":{"line":23,"column":14}},"loc":{"start":{"line":23,"column":45},"end":{"line":26,"column":null}},"line":23},"1":{"name":"(anonymous_1)","decl":{"start":{"line":29,"column":2},"end":{"line":29,"column":19}},"loc":{"start":{"line":29,"column":42},"end":{"line":31,"column":null}},"line":29},"2":{"name":"(anonymous_2)","decl":{"start":{"line":34,"column":2},"end":{"line":34,"column":20}},"loc":{"start":{"line":34,"column":34},"end":{"line":38,"column":null}},"line":34},"3":{"name":"(anonymous_3)","decl":{"start":{"line":41,"column":2},"end":{"line":41,"column":27}},"loc":{"start":{"line":41,"column":44},"end":{"line":42,"column":null}},"line":41},"4":{"name":"(anonymous_4)","decl":{"start":{"line":45,"column":2},"end":{"line":45,"column":26}},"loc":{"start":{"line":45,"column":26},"end":{"line":46,"column":null}},"line":45},"5":{"name":"(anonymous_5)","decl":{"start":{"line":49,"column":8},"end":{"line":49,"column":17}},"loc":{"start":{"line":49,"column":73},"end":{"line":109,"column":null}},"line":49},"6":{"name":"(anonymous_6)","decl":{"start":{"line":56,"column":33},"end":{"line":56,"column":39}},"loc":{"start":{"line":56,"column":45},"end":{"line":56,"column":65}},"line":56},"7":{"name":"(anonymous_7)","decl":{"start":{"line":58,"column":7},"end":{"line":58,"column":15}},"loc":{"start":{"line":58,"column":21},"end":{"line":58,"column":39}},"line":58},"8":{"name":"(anonymous_8)","decl":{"start":{"line":59,"column":7},"end":{"line":59,"column":12}},"loc":{"start":{"line":59,"column":18},"end":{"line":59,"column":28}},"line":59},"9":{"name":"(anonymous_9)","decl":{"start":{"line":63,"column":45},"end":{"line":63,"column":50}},"loc":{"start":{"line":63,"column":56},"end":{"line":63,"column":63}},"line":63},"10":{"name":"(anonymous_10)","decl":{"start":{"line":81,"column":55},"end":{"line":81,"column":67}},"loc":{"start":{"line":81,"column":67},"end":{"line":81,"column":73}},"line":81},"11":{"name":"(anonymous_11)","decl":{"start":{"line":112,"column":2},"end":{"line":112,"column":10}},"loc":{"start":{"line":112,"column":45},"end":{"line":133,"column":null}},"line":112},"12":{"name":"(anonymous_12)","decl":{"start":{"line":117,"column":36},"end":{"line":117,"column":44}},"loc":{"start":{"line":117,"column":50},"end":{"line":117,"column":63}},"line":117},"13":{"name":"(anonymous_13)","decl":{"start":{"line":136,"column":2},"end":{"line":136,"column":10}},"loc":{"start":{"line":136,"column":60},"end":{"line":137,"column":null}},"line":136},"14":{"name":"(anonymous_14)","decl":{"start":{"line":140,"column":16},"end":{"line":140,"column":null}},"loc":{"start":{"line":144,"column":26},"end":{"line":179,"column":null}},"line":144},"15":{"name":"(anonymous_15)","decl":{"start":{"line":172,"column":18},"end":{"line":172,"column":27}},"loc":{"start":{"line":172,"column":33},"end":{"line":172,"column":55}},"line":172},"16":{"name":"(anonymous_16)","decl":{"start":{"line":182,"column":16},"end":{"line":182,"column":null}},"loc":{"start":{"line":186,"column":16},"end":{"line":199,"column":null}},"line":186},"17":{"name":"(anonymous_17)","decl":{"start":{"line":189,"column":8},"end":{"line":189,"column":22}},"loc":{"start":{"line":189,"column":22},"end":{"line":191,"column":null}},"line":189},"18":{"name":"(anonymous_18)","decl":{"start":{"line":192,"column":10},"end":{"line":192,"column":22}},"loc":{"start":{"line":192,"column":36},"end":{"line":198,"column":null}},"line":192},"19":{"name":"(anonymous_19)","decl":{"start":{"line":193,"column":16},"end":{"line":193,"column":33}},"loc":{"start":{"line":193,"column":33},"end":{"line":197,"column":21}},"line":193},"20":{"name":"(anonymous_20)","decl":{"start":{"line":202,"column":2},"end":{"line":202,"column":10}},"loc":{"start":{"line":202,"column":60},"end":{"line":233,"column":null}},"line":202}},"branchMap":{"0":{"loc":{"start":{"line":31,"column":4},"end":{"line":31,"column":null}},"type":"if","locations":[{"start":{"line":31,"column":4},"end":{"line":31,"column":null}},{"start":{},"end":{}}],"line":31},"1":{"loc":{"start":{"line":35,"column":4},"end":{"line":36,"column":null}},"type":"if","locations":[{"start":{"line":35,"column":4},"end":{"line":36,"column":null}},{"start":{},"end":{}}],"line":35},"2":{"loc":{"start":{"line":49,"column":38},"end":{"line":49,"column":73}},"type":"default-arg","locations":[{"start":{"line":49,"column":48},"end":{"line":49,"column":73}}],"line":49},"3":{"loc":{"start":{"line":50,"column":4},"end":{"line":50,"column":null}},"type":"if","locations":[{"start":{"line":50,"column":4},"end":{"line":50,"column":null}},{"start":{},"end":{}}],"line":50},"4":{"loc":{"start":{"line":54,"column":23},"end":{"line":54,"column":114}},"type":"cond-expr","locations":[{"start":{"line":54,"column":41},"end":{"line":54,"column":87}},{"start":{"line":54,"column":90},"end":{"line":54,"column":114}}],"line":54},"5":{"loc":{"start":{"line":56,"column":16},"end":{"line":56,"column":null}},"type":"binary-expr","locations":[{"start":{"line":56,"column":16},"end":{"line":56,"column":78}},{"start":{"line":56,"column":78},"end":{"line":56,"column":null}}],"line":56},"6":{"loc":{"start":{"line":80,"column":6},"end":{"line":86,"column":null}},"type":"if","locations":[{"start":{"line":80,"column":6},"end":{"line":86,"column":null}},{"start":{},"end":{}}],"line":80},"7":{"loc":{"start":{"line":82,"column":8},"end":{"line":86,"column":null}},"type":"if","locations":[{"start":{"line":82,"column":8},"end":{"line":86,"column":null}},{"start":{},"end":{}}],"line":82},"8":{"loc":{"start":{"line":99,"column":83},"end":{"line":99,"column":108}},"type":"binary-expr","locations":[{"start":{"line":99,"column":83},"end":{"line":99,"column":99}},{"start":{"line":99,"column":99},"end":{"line":99,"column":108}}],"line":99},"9":{"loc":{"start":{"line":103,"column":8},"end":{"line":104,"column":null}},"type":"if","locations":[{"start":{"line":103,"column":8},"end":{"line":104,"column":null}},{"start":{},"end":{}}],"line":103},"10":{"loc":{"start":{"line":109,"column":10},"end":{"line":109,"column":78}},"type":"cond-expr","locations":[{"start":{"line":109,"column":37},"end":{"line":109,"column":47}},{"start":{"line":109,"column":47},"end":{"line":109,"column":78}}],"line":109},"11":{"loc":{"start":{"line":113,"column":4},"end":{"line":113,"column":null}},"type":"if","locations":[{"start":{"line":113,"column":4},"end":{"line":113,"column":null}},{"start":{},"end":{}}],"line":113},"12":{"loc":{"start":{"line":122,"column":6},"end":{"line":122,"column":null}},"type":"if","locations":[{"start":{"line":122,"column":6},"end":{"line":122,"column":null}},{"start":{},"end":{}}],"line":122},"13":{"loc":{"start":{"line":128,"column":6},"end":{"line":128,"column":null}},"type":"if","locations":[{"start":{"line":128,"column":6},"end":{"line":128,"column":null}},{"start":{},"end":{}}],"line":128},"14":{"loc":{"start":{"line":130,"column":4},"end":{"line":131,"column":null}},"type":"if","locations":[{"start":{"line":130,"column":4},"end":{"line":131,"column":null}},{"start":{},"end":{}}],"line":130},"15":{"loc":{"start":{"line":137,"column":11},"end":{"line":137,"column":null}},"type":"binary-expr","locations":[{"start":{"line":137,"column":11},"end":{"line":137,"column":33}},{"start":{"line":137,"column":33},"end":{"line":137,"column":53}},{"start":{"line":137,"column":53},"end":{"line":137,"column":75}},{"start":{"line":137,"column":75},"end":{"line":137,"column":null}}],"line":137},"16":{"loc":{"start":{"line":168,"column":8},"end":{"line":170,"column":null}},"type":"if","locations":[{"start":{"line":168,"column":8},"end":{"line":170,"column":null}},{"start":{},"end":{}}],"line":168},"17":{"loc":{"start":{"line":168,"column":12},"end":{"line":168,"column":74}},"type":"binary-expr","locations":[{"start":{"line":168,"column":12},"end":{"line":168,"column":38}},{"start":{"line":168,"column":38},"end":{"line":168,"column":58}},{"start":{"line":168,"column":58},"end":{"line":168,"column":74}}],"line":168},"18":{"loc":{"start":{"line":175,"column":21},"end":{"line":175,"column":87}},"type":"cond-expr","locations":[{"start":{"line":175,"column":50},"end":{"line":175,"column":70}},{"start":{"line":175,"column":70},"end":{"line":175,"column":87}}],"line":175},"19":{"loc":{"start":{"line":177,"column":10},"end":{"line":179,"column":39}},"type":"cond-expr","locations":[{"start":{"line":178,"column":8},"end":{"line":178,"column":null}},{"start":{"line":179,"column":8},"end":{"line":179,"column":39}}],"line":177},"20":{"loc":{"start":{"line":190,"column":8},"end":{"line":190,"column":null}},"type":"if","locations":[{"start":{"line":190,"column":8},"end":{"line":190,"column":null}},{"start":{},"end":{}}],"line":190},"21":{"loc":{"start":{"line":204,"column":4},"end":{"line":212,"column":null}},"type":"if","locations":[{"start":{"line":204,"column":4},"end":{"line":212,"column":null}},{"start":{},"end":{}}],"line":204},"22":{"loc":{"start":{"line":205,"column":6},"end":{"line":212,"column":null}},"type":"if","locations":[{"start":{"line":205,"column":6},"end":{"line":212,"column":null}},{"start":{},"end":{}}],"line":205},"23":{"loc":{"start":{"line":206,"column":8},"end":{"line":210,"column":null}},"type":"binary-expr","locations":[{"start":{"line":206,"column":8},"end":{"line":206,"column":null}},{"start":{"line":207,"column":8},"end":{"line":207,"column":null}},{"start":{"line":208,"column":8},"end":{"line":208,"column":null}},{"start":{"line":209,"column":8},"end":{"line":209,"column":null}},{"start":{"line":210,"column":8},"end":{"line":210,"column":null}}],"line":206},"24":{"loc":{"start":{"line":216,"column":16},"end":{"line":216,"column":null}},"type":"cond-expr","locations":[{"start":{"line":216,"column":31},"end":{"line":216,"column":64}},{"start":{"line":216,"column":67},"end":{"line":216,"column":null}}],"line":216},"25":{"loc":{"start":{"line":217,"column":4},"end":{"line":223,"column":null}},"type":"if","locations":[{"start":{"line":217,"column":4},"end":{"line":223,"column":null}},{"start":{},"end":{}}],"line":217},"26":{"loc":{"start":{"line":218,"column":6},"end":{"line":221,"column":25}},"type":"binary-expr","locations":[{"start":{"line":218,"column":6},"end":{"line":218,"column":29}},{"start":{"line":219,"column":6},"end":{"line":219,"column":34}},{"start":{"line":220,"column":6},"end":{"line":220,"column":30}},{"start":{"line":221,"column":6},"end":{"line":221,"column":25}}],"line":218},"27":{"loc":{"start":{"line":224,"column":4},"end":{"line":224,"column":null}},"type":"if","locations":[{"start":{"line":224,"column":4},"end":{"line":224,"column":null}},{"start":{},"end":{}}],"line":224},"28":{"loc":{"start":{"line":224,"column":8},"end":{"line":224,"column":68}},"type":"binary-expr","locations":[{"start":{"line":224,"column":8},"end":{"line":224,"column":39}},{"start":{"line":224,"column":43},"end":{"line":224,"column":68}}],"line":224},"29":{"loc":{"start":{"line":225,"column":4},"end":{"line":225,"column":null}},"type":"if","locations":[{"start":{"line":225,"column":4},"end":{"line":225,"column":null}},{"start":{},"end":{}}],"line":225},"30":{"loc":{"start":{"line":226,"column":4},"end":{"line":231,"column":null}},"type":"if","locations":[{"start":{"line":226,"column":4},"end":{"line":231,"column":null}},{"start":{},"end":{}}],"line":226},"31":{"loc":{"start":{"line":227,"column":6},"end":{"line":229,"column":26}},"type":"binary-expr","locations":[{"start":{"line":227,"column":6},"end":{"line":227,"column":29}},{"start":{"line":228,"column":6},"end":{"line":228,"column":37}},{"start":{"line":229,"column":6},"end":{"line":229,"column":26}}],"line":227},"32":{"loc":{"start":{"line":232,"column":4},"end":{"line":232,"column":null}},"type":"if","locations":[{"start":{"line":232,"column":4},"end":{"line":232,"column":null}},{"start":{},"end":{}}],"line":232}},"s":{"0":2,"1":2,"2":2,"3":2,"4":2,"5":2,"6":2,"7":2,"8":1,"9":1,"10":0,"11":1,"12":0,"13":0,"14":2,"15":1,"16":1,"17":1,"18":2,"19":1,"20":2,"21":1,"22":1,"23":2,"24":2,"25":2,"26":2,"27":2,"28":2,"29":2,"30":2,"31":2,"32":0,"33":2,"34":1,"35":1,"36":1,"37":1,"38":1,"39":0,"40":0,"41":0,"42":0,"43":0,"44":0,"45":0,"46":1,"47":0,"48":1,"49":1,"50":6,"51":1,"52":2,"53":1,"54":1,"55":1,"56":8,"57":8,"58":2,"59":1,"60":0,"61":1,"62":0,"63":1,"64":1,"65":1,"66":1,"67":1,"68":1,"69":1,"70":1,"71":1,"72":0,"73":0,"74":0,"75":0,"76":0,"77":0,"78":0,"79":0,"80":0,"81":0,"82":0,"83":1,"84":1,"85":1,"86":1,"87":1,"88":1,"89":0,"90":0,"91":0,"92":0,"93":0,"94":0,"95":0,"96":0,"97":0,"98":0,"99":0,"100":0,"101":0,"102":0,"103":0,"104":0,"105":0,"106":0,"107":0},"f":{"0":2,"1":2,"2":1,"3":0,"4":0,"5":2,"6":1,"7":1,"8":1,"9":2,"10":0,"11":1,"12":6,"13":0,"14":1,"15":0,"16":1,"17":1,"18":1,"19":0,"20":0},"b":{"0":[1,1],"1":[0,1],"2":[2],"3":[1,1],"4":[0,1],"5":[2,1],"6":[2,0],"7":[1,1],"8":[0,0],"9":[0,0],"10":[0,0],"11":[0,1],"12":[1,1],"13":[2,6],"14":[0,1],"15":[0,0,0,0],"16":[0,0],"17":[0,0,0],"18":[0,0],"19":[0,0],"20":[1,0],"21":[0,0],"22":[0,0],"23":[0,0,0,0,0],"24":[0,0],"25":[0,0],"26":[0,0,0,0],"27":[0,0],"28":[0,0],"29":[0,0],"30":[0,0],"31":[0,0,0],"32":[0,0]},"meta":{"lastBranch":33,"lastFunction":21,"lastStatement":108,"seen":{"s:7:22:7:52":0,"s:8:46:8:Infinity":1,"s:10:44:17:Infinity":2,"f:23:2:23:14":0,"s:24:4:24:Infinity":3,"s:25:4:25:Infinity":4,"s:26:4:26:Infinity":5,"f:29:2:29:19":1,"s:30:4:30:Infinity":6,"b:31:4:31:Infinity:undefined:undefined:undefined:undefined":0,"s:31:4:31:Infinity":7,"s:31:34:31:Infinity":8,"f:34:2:34:20":2,"b:35:4:36:Infinity:undefined:undefined:undefined:undefined":1,"s:35:4:36:Infinity":9,"s:36:6:36:Infinity":10,"s:38:4:38:Infinity":11,"f:41:2:41:27":3,"s:42:4:42:Infinity":12,"f:45:2:45:26":4,"s:46:4:46:Infinity":13,"f:49:8:49:17":5,"b:49:48:49:73":2,"b:50:4:50:Infinity:undefined:undefined:undefined:undefined":3,"s:50:4:50:Infinity":14,"s:50:34:50:Infinity":15,"s:53:28:53:72":16,"s:54:23:54:114":17,"b:54:41:54:87:54:90:54:114":4,"s:56:16:56:Infinity":18,"b:56:16:56:78:56:78:56:Infinity":5,"f:56:33:56:39":6,"s:56:45:56:65":19,"s:57:17:61:20":20,"f:58:7:58:15":7,"s:58:21:58:39":21,"f:59:7:59:12":8,"s:59:18:59:28":22,"s:62:4:64:Infinity":23,"f:63:45:63:50":9,"s:63:56:63:63":24,"s:65:4:70:Infinity":25,"s:72:27:72:Infinity":26,"s:74:23:74:Infinity":27,"s:75:4:104:Infinity":28,"s:76:23:76:Infinity":29,"b:80:6:86:Infinity:undefined:undefined:undefined:undefined":6,"s:80:6:86:Infinity":30,"s:81:26:81:73":31,"f:81:55:81:67":10,"s:81:67:81:73":32,"b:82:8:86:Infinity:undefined:undefined:undefined:undefined":7,"s:82:8:86:Infinity":33,"s:83:10:85:Infinity":34,"s:86:10:86:Infinity":35,"s:90:6:90:Infinity":36,"s:92:6:104:Infinity":37,"s:93:8:93:Infinity":38,"s:95:8:95:Infinity":39,"s:96:20:96:Infinity":40,"s:97:21:97:56":41,"s:98:8:100:Infinity":42,"b:99:83:99:99:99:99:99:108":8,"b:103:8:104:Infinity:undefined:undefined:undefined:undefined":9,"s:103:8:104:Infinity":43,"s:104:10:104:Infinity":44,"s:109:4:109:Infinity":45,"b:109:37:109:47:109:47:109:78":10,"f:112:2:112:10":11,"b:113:4:113:Infinity:undefined:undefined:undefined:undefined":11,"s:113:4:113:Infinity":46,"s:113:34:113:Infinity":47,"s:114:19:114:Infinity":48,"s:115:25:117:Infinity":49,"f:117:36:117:44":12,"s:117:50:117:63":50,"s:121:4:122:Infinity":51,"b:122:6:122:Infinity:undefined:undefined:undefined:undefined":12,"s:122:6:122:Infinity":52,"s:122:40:122:Infinity":53,"s:125:37:125:39":54,"s:126:4:128:Infinity":55,"s:127:16:127:40":56,"b:128:6:128:Infinity:undefined:undefined:undefined:undefined":13,"s:128:6:128:Infinity":57,"s:128:13:128:Infinity":58,"b:130:4:131:Infinity:undefined:undefined:undefined:undefined":14,"s:130:4:131:Infinity":59,"s:131:6:131:Infinity":60,"s:133:4:133:Infinity":61,"f:136:2:136:10":13,"s:137:4:137:Infinity":62,"b:137:11:137:33:137:33:137:53:137:53:137:75:137:75:137:Infinity":15,"f:140:16:140:Infinity":14,"s:145:29:145:Infinity":63,"s:146:4:172:Infinity":64,"s:146:23:146:26":65,"s:147:6:172:Infinity":66,"s:148:8:148:Infinity":67,"s:149:20:152:Infinity":68,"s:154:24:154:71":69,"s:155:8:157:Infinity":70,"s:158:8:158:Infinity":71,"s:160:8:160:Infinity":72,"s:161:24:161:Infinity":73,"s:162:21:162:61":74,"s:163:26:163:Infinity":75,"s:164:8:166:Infinity":76,"b:168:8:170:Infinity:undefined:undefined:undefined:undefined":16,"s:168:8:170:Infinity":77,"b:168:12:168:38:168:38:168:58:168:58:168:74":17,"s:169:10:169:Infinity":78,"s:170:10:170:Infinity":79,"s:172:8:172:Infinity":80,"f:172:18:172:27":15,"s:172:33:172:55":81,"s:175:21:175:87":82,"b:175:50:175:70:175:70:175:87":18,"s:176:4:176:Infinity":83,"s:177:4:179:Infinity":84,"b:178:8:178:Infinity:179:8:179:39":19,"f:182:16:182:Infinity":16,"s:188:4:199:Infinity":85,"f:189:8:189:22":17,"b:190:8:190:Infinity:undefined:undefined:undefined:undefined":20,"s:190:8:190:Infinity":86,"s:190:19:190:Infinity":87,"f:192:10:192:22":18,"s:193:8:197:Infinity":88,"f:193:16:193:33":19,"s:194:22:194:72":89,"s:195:11:195:Infinity":90,"s:196:10:196:Infinity":91,"f:202:2:202:10":20,"s:203:17:203:Infinity":92,"b:204:4:212:Infinity:undefined:undefined:undefined:undefined":21,"s:204:4:212:Infinity":93,"b:205:6:212:Infinity:undefined:undefined:undefined:undefined":22,"s:205:6:212:Infinity":94,"b:206:8:206:Infinity:207:8:207:Infinity:208:8:208:Infinity:209:8:209:Infinity:210:8:210:Infinity":23,"s:212:8:212:Infinity":95,"s:216:16:216:Infinity":96,"b:216:31:216:64:216:67:216:Infinity":24,"b:217:4:223:Infinity:undefined:undefined:undefined:undefined":25,"s:217:4:223:Infinity":97,"b:218:6:218:29:219:6:219:34:220:6:220:30:221:6:221:25":26,"s:223:6:223:Infinity":98,"b:224:4:224:Infinity:undefined:undefined:undefined:undefined":27,"s:224:4:224:Infinity":99,"b:224:8:224:39:224:43:224:68":28,"s:224:70:224:Infinity":100,"b:225:4:225:Infinity:undefined:undefined:undefined:undefined":29,"s:225:4:225:Infinity":101,"s:225:33:225:Infinity":102,"b:226:4:231:Infinity:undefined:undefined:undefined:undefined":30,"s:226:4:231:Infinity":103,"b:227:6:227:29:228:6:228:37:229:6:229:26":31,"s:231:6:231:Infinity":104,"b:232:4:232:Infinity:undefined:undefined:undefined:undefined":32,"s:232:4:232:Infinity":105,"s:232:54:232:Infinity":106,"s:233:4:233:Infinity":107}}}
,"C:\\Users\\dshp3\\BunkerGame\\automation-client\\src\\core\\llm\\providers\\OllamaProvider.ts": {"path":"C:\\Users\\dshp3\\BunkerGame\\automation-client\\src\\core\\llm\\providers\\OllamaProvider.ts","statementMap":{"0":{"start":{"line":7,"column":9},"end":{"line":7,"column":null}},"1":{"start":{"line":11,"column":12},"end":{"line":11,"column":22}},"2":{"start":{"line":12,"column":12},"end":{"line":12,"column":27}},"3":{"start":{"line":15,"column":4},"end":{"line":15,"column":null}},"4":{"start":{"line":19,"column":4},"end":{"line":19,"column":null}},"5":{"start":{"line":24,"column":4},"end":{"line":26,"column":null}},"6":{"start":{"line":25,"column":6},"end":{"line":25,"column":null}},"7":{"start":{"line":26,"column":6},"end":{"line":26,"column":null}},"8":{"start":{"line":29,"column":4},"end":{"line":43,"column":null}},"9":{"start":{"line":30,"column":18},"end":{"line":30,"column":null}},"10":{"start":{"line":31,"column":6},"end":{"line":31,"column":null}},"11":{"start":{"line":32,"column":18},"end":{"line":32,"column":53}},"12":{"start":{"line":33,"column":24},"end":{"line":33,"column":null}},"13":{"start":{"line":34,"column":6},"end":{"line":37,"column":null}},"14":{"start":{"line":35,"column":8},"end":{"line":35,"column":null}},"15":{"start":{"line":37,"column":8},"end":{"line":37,"column":null}},"16":{"start":{"line":39,"column":6},"end":{"line":39,"column":null}},"17":{"start":{"line":41,"column":18},"end":{"line":41,"column":null}},"18":{"start":{"line":42,"column":6},"end":{"line":42,"column":null}},"19":{"start":{"line":43,"column":6},"end":{"line":43,"column":null}},"20":{"start":{"line":48,"column":4},"end":{"line":48,"column":null}},"21":{"start":{"line":53,"column":18},"end":{"line":53,"column":null}},"22":{"start":{"line":55,"column":19},"end":{"line":58,"column":17}},"23":{"start":{"line":56,"column":21},"end":{"line":56,"column":41}},"24":{"start":{"line":57,"column":18},"end":{"line":57,"column":28}},"25":{"start":{"line":59,"column":17},"end":{"line":62,"column":17}},"26":{"start":{"line":60,"column":21},"end":{"line":60,"column":39}},"27":{"start":{"line":61,"column":18},"end":{"line":61,"column":28}},"28":{"start":{"line":64,"column":19},"end":{"line":64,"column":null}},"29":{"start":{"line":66,"column":21},"end":{"line":66,"column":null}},"30":{"start":{"line":67,"column":4},"end":{"line":67,"column":null}},"31":{"start":{"line":69,"column":4},"end":{"line":110,"column":null}},"32":{"start":{"line":71,"column":18},"end":{"line":83,"column":8}},"33":{"start":{"line":85,"column":6},"end":{"line":91,"column":null}},"34":{"start":{"line":86,"column":21},"end":{"line":86,"column":37}},"35":{"start":{"line":87,"column":23},"end":{"line":87,"column":null}},"36":{"start":{"line":88,"column":8},"end":{"line":88,"column":null}},"37":{"start":{"line":89,"column":20},"end":{"line":89,"column":37}},"38":{"start":{"line":90,"column":9},"end":{"line":90,"column":null}},"39":{"start":{"line":91,"column":8},"end":{"line":91,"column":null}},"40":{"start":{"line":94,"column":20},"end":{"line":94,"column":36}},"41":{"start":{"line":95,"column":22},"end":{"line":95,"column":null}},"42":{"start":{"line":96,"column":6},"end":{"line":96,"column":null}},"43":{"start":{"line":98,"column":6},"end":{"line":103,"column":null}},"44":{"start":{"line":105,"column":18},"end":{"line":105,"column":null}},"45":{"start":{"line":106,"column":21},"end":{"line":106,"column":null}},"46":{"start":{"line":107,"column":6},"end":{"line":107,"column":null}},"47":{"start":{"line":108,"column":21},"end":{"line":108,"column":38}},"48":{"start":{"line":109,"column":7},"end":{"line":109,"column":null}},"49":{"start":{"line":110,"column":6},"end":{"line":110,"column":null}}},"fnMap":{"0":{"name":"(anonymous_0)","decl":{"start":{"line":10,"column":2},"end":{"line":10,"column":null}},"loc":{"start":{"line":14,"column":4},"end":{"line":15,"column":null}},"line":14},"1":{"name":"(anonymous_1)","decl":{"start":{"line":18,"column":2},"end":{"line":18,"column":10}},"loc":{"start":{"line":18,"column":22},"end":{"line":19,"column":null}},"line":18},"2":{"name":"(anonymous_2)","decl":{"start":{"line":23,"column":8},"end":{"line":23,"column":40}},"loc":{"start":{"line":23,"column":40},"end":{"line":43,"column":null}},"line":23},"3":{"name":"(anonymous_3)","decl":{"start":{"line":47,"column":8},"end":{"line":47,"column":48}},"loc":{"start":{"line":47,"column":48},"end":{"line":48,"column":null}},"line":47},"4":{"name":"(anonymous_4)","decl":{"start":{"line":51,"column":8},"end":{"line":51,"column":17}},"loc":{"start":{"line":51,"column":60},"end":{"line":110,"column":null}},"line":51},"5":{"name":"(anonymous_5)","decl":{"start":{"line":56,"column":7},"end":{"line":56,"column":15}},"loc":{"start":{"line":56,"column":21},"end":{"line":56,"column":41}},"line":56},"6":{"name":"(anonymous_6)","decl":{"start":{"line":57,"column":7},"end":{"line":57,"column":12}},"loc":{"start":{"line":57,"column":18},"end":{"line":57,"column":28}},"line":57},"7":{"name":"(anonymous_7)","decl":{"start":{"line":60,"column":7},"end":{"line":60,"column":15}},"loc":{"start":{"line":60,"column":21},"end":{"line":60,"column":39}},"line":60},"8":{"name":"(anonymous_8)","decl":{"start":{"line":61,"column":7},"end":{"line":61,"column":12}},"loc":{"start":{"line":61,"column":18},"end":{"line":61,"column":28}},"line":61}},"branchMap":{"0":{"loc":{"start":{"line":11,"column":4},"end":{"line":11,"column":null}},"type":"default-arg","locations":[{"start":{"line":11,"column":22},"end":{"line":11,"column":null}}],"line":11},"1":{"loc":{"start":{"line":12,"column":4},"end":{"line":12,"column":null}},"type":"default-arg","locations":[{"start":{"line":12,"column":27},"end":{"line":12,"column":null}}],"line":12},"2":{"loc":{"start":{"line":19,"column":11},"end":{"line":19,"column":null}},"type":"binary-expr","locations":[{"start":{"line":19,"column":11},"end":{"line":19,"column":44}},{"start":{"line":19,"column":44},"end":{"line":19,"column":null}}],"line":19},"3":{"loc":{"start":{"line":24,"column":4},"end":{"line":26,"column":null}},"type":"if","locations":[{"start":{"line":24,"column":4},"end":{"line":26,"column":null}},{"start":{},"end":{}}],"line":24},"4":{"loc":{"start":{"line":34,"column":6},"end":{"line":37,"column":null}},"type":"if","locations":[{"start":{"line":34,"column":6},"end":{"line":37,"column":null}},{"start":{"line":36,"column":13},"end":{"line":37,"column":null}}],"line":34},"5":{"loc":{"start":{"line":53,"column":18},"end":{"line":53,"column":null}},"type":"cond-expr","locations":[{"start":{"line":53,"column":62},"end":{"line":53,"column":78}},{"start":{"line":53,"column":78},"end":{"line":53,"column":null}}],"line":53},"6":{"loc":{"start":{"line":53,"column":18},"end":{"line":53,"column":62}},"type":"binary-expr","locations":[{"start":{"line":53,"column":18},"end":{"line":53,"column":35}},{"start":{"line":53,"column":35},"end":{"line":53,"column":62}}],"line":53},"7":{"loc":{"start":{"line":64,"column":19},"end":{"line":64,"column":null}},"type":"cond-expr","locations":[{"start":{"line":64,"column":28},"end":{"line":64,"column":53}},{"start":{"line":64,"column":53},"end":{"line":64,"column":null}}],"line":64},"8":{"loc":{"start":{"line":79,"column":25},"end":{"line":79,"column":null}},"type":"binary-expr","locations":[{"start":{"line":79,"column":25},"end":{"line":79,"column":48}},{"start":{"line":79,"column":48},"end":{"line":79,"column":null}}],"line":79},"9":{"loc":{"start":{"line":80,"column":25},"end":{"line":80,"column":null}},"type":"binary-expr","locations":[{"start":{"line":80,"column":25},"end":{"line":80,"column":46}},{"start":{"line":80,"column":46},"end":{"line":80,"column":null}}],"line":80},"10":{"loc":{"start":{"line":85,"column":6},"end":{"line":91,"column":null}},"type":"if","locations":[{"start":{"line":85,"column":6},"end":{"line":91,"column":null}},{"start":{},"end":{}}],"line":85},"11":{"loc":{"start":{"line":95,"column":22},"end":{"line":95,"column":null}},"type":"binary-expr","locations":[{"start":{"line":95,"column":22},"end":{"line":95,"column":48}},{"start":{"line":95,"column":48},"end":{"line":95,"column":null}}],"line":95}},"s":{"0":2,"1":2,"2":2,"3":2,"4":0,"5":1,"6":0,"7":0,"8":1,"9":1,"10":1,"11":1,"12":0,"13":0,"14":0,"15":0,"16":0,"17":1,"18":1,"19":1,"20":0,"21":1,"22":1,"23":1,"24":0,"25":1,"26":1,"27":1,"28":1,"29":1,"30":1,"31":1,"32":1,"33":1,"34":0,"35":0,"36":0,"37":0,"38":0,"39":0,"40":1,"41":1,"42":1,"43":1,"44":0,"45":0,"46":0,"47":0,"48":0,"49":0},"f":{"0":2,"1":0,"2":1,"3":0,"4":1,"5":1,"6":0,"7":1,"8":1},"b":{"0":[2],"1":[2],"2":[0,0],"3":[0,1],"4":[0,0],"5":[0,1],"6":[1,0],"7":[0,1],"8":[1,1],"9":[1,1],"10":[0,1],"11":[1,0]},"meta":{"lastBranch":12,"lastFunction":9,"lastStatement":50,"seen":{"s:7:9:7:Infinity":0,"f:10:2:10:Infinity":0,"b:11:22:11:Infinity":0,"b:12:27:12:Infinity":1,"s:11:12:11:22":1,"s:12:12:12:27":2,"s:15:4:15:Infinity":3,"f:18:2:18:10":1,"s:19:4:19:Infinity":4,"b:19:11:19:44:19:44:19:Infinity":2,"f:23:8:23:40":2,"b:24:4:26:Infinity:undefined:undefined:undefined:undefined":3,"s:24:4:26:Infinity":5,"s:25:6:25:Infinity":6,"s:26:6:26:Infinity":7,"s:29:4:43:Infinity":8,"s:30:18:30:Infinity":9,"s:31:6:31:Infinity":10,"s:32:18:32:53":11,"s:33:24:33:Infinity":12,"b:34:6:37:Infinity:36:13:37:Infinity":4,"s:34:6:37:Infinity":13,"s:35:8:35:Infinity":14,"s:37:8:37:Infinity":15,"s:39:6:39:Infinity":16,"s:41:18:41:Infinity":17,"s:42:6:42:Infinity":18,"s:43:6:43:Infinity":19,"f:47:8:47:48":3,"s:48:4:48:Infinity":20,"f:51:8:51:17":4,"s:53:18:53:Infinity":21,"b:53:62:53:78:53:78:53:Infinity":5,"b:53:18:53:35:53:35:53:62":6,"s:55:19:58:17":22,"f:56:7:56:15":5,"s:56:21:56:41":23,"f:57:7:57:12":6,"s:57:18:57:28":24,"s:59:17:62:17":25,"f:60:7:60:15":7,"s:60:21:60:39":26,"f:61:7:61:12":8,"s:61:18:61:28":27,"s:64:19:64:Infinity":28,"b:64:28:64:53:64:53:64:Infinity":7,"s:66:21:66:Infinity":29,"s:67:4:67:Infinity":30,"s:69:4:110:Infinity":31,"s:71:18:83:8":32,"b:79:25:79:48:79:48:79:Infinity":8,"b:80:25:80:46:80:46:80:Infinity":9,"b:85:6:91:Infinity:undefined:undefined:undefined:undefined":10,"s:85:6:91:Infinity":33,"s:86:21:86:37":34,"s:87:23:87:Infinity":35,"s:88:8:88:Infinity":36,"s:89:20:89:37":37,"s:90:9:90:Infinity":38,"s:91:8:91:Infinity":39,"s:94:20:94:36":40,"s:95:22:95:Infinity":41,"b:95:22:95:48:95:48:95:Infinity":11,"s:96:6:96:Infinity":42,"s:98:6:103:Infinity":43,"s:105:18:105:Infinity":44,"s:106:21:106:Infinity":45,"s:107:6:107:Infinity":46,"s:108:21:108:38":47,"s:109:7:109:Infinity":48,"s:110:6:110:Infinity":49}}}
}
